[debug] [2025-09-16T05:30:27.626Z] ----------------------------------------------------------------------
[debug] [2025-09-16T05:30:27.629Z] Command:       /nix/store/ixbb20farqh1f4fqbmsn6b1ixn8mc8ij-nodejs-20.18.1/bin/node /home/user/.global_modules/bin/firebase init
[debug] [2025-09-16T05:30:27.630Z] CLI Version:   14.16.0
[debug] [2025-09-16T05:30:27.630Z] Platform:      linux
[debug] [2025-09-16T05:30:27.630Z] Node Version:  v20.18.1
[debug] [2025-09-16T05:30:27.631Z] Time:          Tue Sep 16 2025 05:30:27 GMT+0000 (Coordinated Universal Time)
[debug] [2025-09-16T05:30:27.631Z] ----------------------------------------------------------------------
[debug] 
[debug] [2025-09-16T05:30:28.231Z] Checked if tokens are valid: true, expires at: 1758002732154
[debug] [2025-09-16T05:30:28.231Z] Checked if tokens are valid: true, expires at: 1758002732154
[debug] [2025-09-16T05:30:28.237Z] >>> [apiv2][query] GET https://monospace-pa.googleapis.com/v1/workspaces/ecos-82423428 [none]
[debug] [2025-09-16T05:30:29.190Z] <<< [apiv2][status] GET https://monospace-pa.googleapis.com/v1/workspaces/ecos-82423428 200
[debug] [2025-09-16T05:30:29.192Z] <<< [apiv2][body] GET https://monospace-pa.googleapis.com/v1/workspaces/ecos-82423428 {"workspaceId":"ecos-82423428","name":"Ecos","workspaceRedirectUrl":"firebase-ecos-1757994476294.cluster-lr6dwlc2lzbcctqhqorax5zmro.cloudworkstations.dev","status":"WORKSPACE_STATUS_RUNNING","lastAccessDatetime":"2025-09-16T05:16:32.167148Z","workspaceTemplate":"WORKSPACE_TEMPLATE_BLANK_WEB","owner":"SELF","serviceAccountEmail":"msp-8578991658828475607@monospace-1.iam.gserviceaccount.com","gitRepoUrl":"https://github.com/arthurcmps/Ecos","enableNix":true,"ownerEmail":"arthur.felipe1993@gmail.com","workstationAccessToken":"eyJhbGciOiJSUzI1NiIsInR5cCI6IkpXVCJ9.eyJpc3MiOiJodHRwczovL2Nsb3VkLmdvb2dsZS5jb20vd29ya3N0YXRpb25zIiwiYXVkIjoiZmlyZWJhc2UtZWNvcy0xNzU3OTk0NDc2Mjk0LmNsdXN0ZXItbHI2ZHdsYzJsemJjY3RxaHFvcmF4NXptcm8uY2xvdWR3b3Jrc3RhdGlvbnMuZGV2IiwiaWF0IjoxNzU4MDAwNjI5LCJleHAiOjE3NTgwODcwMjh9.s_7TNGVQb3TwOcYqaFkMTi0HLeX8InTzJTcPYGXBfR9ls0YecFCeoPbB9ZjwUdN8XE81cvPwAGXO5eIOWCrRjlfAw0fNiEMlkY1e74hWpCZDRvLrBaxvpNKS1LFpQVB9781jq-BYnfAVcNGzH5M6LwqPAH1aILoaUNEVE3DkBBncoZVXhqgf8ThcZL_Xa5jvYwpHeaMjV28LzvEK4MPz01PMhgoBXJ3eDS-UgUfwEbhwMfL2-jafXYOQj_2PjQISJhRDa4MlTDlLXPIHfPUIARCC8mY9q0cBPz018k0l2zH4HOg89j_-8oozRj-CKiY2WaxVx2NYR0WlkjEUjVfb5g","firebaseProjectId":"ecos-4f84d"}
[debug] [2025-09-16T05:30:29.194Z] > command requires scopes: ["email","openid","https://www.googleapis.com/auth/cloudplatformprojects.readonly","https://www.googleapis.com/auth/firebase","https://www.googleapis.com/auth/cloud-platform","https://www.googleapis.com/auth/userinfo.email"]
[debug] [2025-09-16T05:30:29.195Z] > authorizing via signed-in user (arthur.felipe1993@gmail.com)
[info] 
     ######## #### ########  ######## ########     ###     ######  ########
     ##        ##  ##     ## ##       ##     ##  ##   ##  ##       ##
     ######    ##  ########  ######   ########  #########  ######  ######
     ##        ##  ##    ##  ##       ##     ## ##     ##       ## ##
     ##       #### ##     ## ######## ########  ##     ##  ######  ########

You're about to initialize a Firebase project in this directory:

  /home/user/Ecos

Before we get started, keep in mind:

  * You are initializing within an existing Firebase project directory

